# JRE version: Java(TM) SE Runtime Environment (8.0_261-b12) (build 1.8.0_261-b12)
# Java VM: Java HotSpot(TM) 64-Bit Server VM (25.261-b12 mixed mode windows-amd64 compressed oops)
Heap:
 PSYoungGen      total 4127744K, used 4091946K [0x000000066ab00000, 0x000000076cf00000, 0x00000007c0000000)
  eden space 4024832K, 100% used [0x000000066ab00000,0x0000000760580000,0x0000000760580000)
  from space 102912K, 65% used [0x0000000766a00000,0x000000076ab8a838,0x000000076ce80000)
  to   space 102912K, 61% used [0x0000000760580000,0x00000007643981b0,0x0000000766a00000)
 ParOldGen       total 3840512K, used 983324K [0x00000003c0000000, 0x00000004aa680000, 0x000000066ab00000)
  object space 3840512K, 25% used [0x00000003c0000000,0x00000003fc0473c8,0x00000004aa680000)
 Metaspace       used 85143K, capacity 94978K, committed 95152K, reserved 1130496K
  class space    used 11831K, capacity 13964K, committed 14000K, reserved 1048576K
GC Heap History (10 events):
Event: 69824.519 GC heap after
Heap after GC invocations=7524 (full 4):
 PSYoungGen      total 4115968K, used 60234K [0x000000066ab00000, 0x000000076c000000, 0x00000007c0000000)
  eden space 4016128K, 0% used [0x000000066ab00000,0x000000066ab00000,0x000000075fd00000)
  from space 99840K, 60% used [0x0000000765e80000,0x0000000769952868,0x000000076c000000)
  to   space 99840K, 0% used [0x000000075fd00000,0x000000075fd00000,0x0000000765e80000)
 ParOldGen       total 3840512K, used 980918K [0x00000003c0000000, 0x00000004aa680000, 0x000000066ab00000)
  object space 3840512K, 25% used [0x00000003c0000000,0x00000003fbdedaf8,0x00000004aa680000)
 Metaspace       used 85143K, capacity 94978K, committed 95152K, reserved 1130496K
  class space    used 11831K, capacity 13964K, committed 14000K, reserved 1048576K
}
Event: 69856.245 GC heap before
{Heap before GC invocations=7525 (full 4):
 PSYoungGen      total 4115968K, used 4076362K [0x000000066ab00000, 0x000000076c000000, 0x00000007c0000000)
  eden space 4016128K, 100% used [0x000000066ab00000,0x000000075fd00000,0x000000075fd00000)
  from space 99840K, 60% used [0x0000000765e80000,0x0000000769952868,0x000000076c000000)
  to   space 99840K, 0% used [0x000000075fd00000,0x000000075fd00000,0x0000000765e80000)
 ParOldGen       total 3840512K, used 980918K [0x00000003c0000000, 0x00000004aa680000, 0x000000066ab00000)
  object space 3840512K, 25% used [0x00000003c0000000,0x00000003fbdedaf8,0x00000004aa680000)
 Metaspace       used 85143K, capacity 94978K, committed 95152K, reserved 1130496K
  class space    used 11831K, capacity 13964K, committed 14000K, reserved 1048576K
Event: 69856.254 GC heap after
Heap after GC invocations=7525 (full 4):
 PSYoungGen      total 4115968K, used 64976K [0x000000066ab00000, 0x000000076c700000, 0x00000007c0000000)
  eden space 4016128K, 0% used [0x000000066ab00000,0x000000066ab00000,0x000000075fd00000)
  from space 99840K, 65% used [0x000000075fd00000,0x0000000763c74210,0x0000000765e80000)
  to   space 100864K, 0% used [0x0000000766480000,0x0000000766480000,0x000000076c700000)
 ParOldGen       total 3840512K, used 980990K [0x00000003c0000000, 0x00000004aa680000, 0x000000066ab00000)
  object space 3840512K, 25% used [0x00000003c0000000,0x00000003fbdffaf8,0x00000004aa680000)
 Metaspace       used 85143K, capacity 94978K, committed 95152K, reserved 1130496K
  class space    used 11831K, capacity 13964K, committed 14000K, reserved 1048576K
}
Event: 69888.589 GC heap before
{Heap before GC invocations=7526 (full 4):
 PSYoungGen      total 4115968K, used 4081104K [0x000000066ab00000, 0x000000076c700000, 0x00000007c0000000)
  eden space 4016128K, 100% used [0x000000066ab00000,0x000000075fd00000,0x000000075fd00000)
  from space 99840K, 65% used [0x000000075fd00000,0x0000000763c74210,0x0000000765e80000)
  to   space 100864K, 0% used [0x0000000766480000,0x0000000766480000,0x000000076c700000)
 ParOldGen       total 3840512K, used 980990K [0x00000003c0000000, 0x00000004aa680000, 0x000000066ab00000)
  object space 3840512K, 25% used [0x00000003c0000000,0x00000003fbdffaf8,0x00000004aa680000)
 Metaspace       used 85143K, capacity 94978K, committed 95152K, reserved 1130496K
  class space    used 11831K, capacity 13964K, committed 14000K, reserved 1048576K
Event: 69888.598 GC heap after
Heap after GC invocations=7526 (full 4):
 PSYoungGen      total 4120576K, used 66842K [0x000000066ab00000, 0x000000076ca00000, 0x00000007c0000000)
  eden space 4019712K, 0% used [0x000000066ab00000,0x000000066ab00000,0x0000000760080000)
  from space 100864K, 66% used [0x0000000766480000,0x000000076a5c6850,0x000000076c700000)
  to   space 102400K, 0% used [0x0000000760080000,0x0000000760080000,0x0000000766480000)
 ParOldGen       total 3840512K, used 981062K [0x00000003c0000000, 0x00000004aa680000, 0x000000066ab00000)
  object space 3840512K, 25% used [0x00000003c0000000,0x00000003fbe11af8,0x00000004aa680000)
 Metaspace       used 85143K, capacity 94978K, committed 95152K, reserved 1130496K
  class space    used 11831K, capacity 13964K, committed 14000K, reserved 1048576K
}
Event: 69919.385 GC heap before
{Heap before GC invocations=7527 (full 4):
 PSYoungGen      total 4120576K, used 4086554K [0x000000066ab00000, 0x000000076ca00000, 0x00000007c0000000)
  eden space 4019712K, 100% used [0x000000066ab00000,0x0000000760080000,0x0000000760080000)
  from space 100864K, 66% used [0x0000000766480000,0x000000076a5c6850,0x000000076c700000)
  to   space 102400K, 0% used [0x0000000760080000,0x0000000760080000,0x0000000766480000)
 ParOldGen       total 3840512K, used 981062K [0x00000003c0000000, 0x00000004aa680000, 0x000000066ab00000)
  object space 3840512K, 25% used [0x00000003c0000000,0x00000003fbe11af8,0x00000004aa680000)
 Metaspace       used 85143K, capacity 94978K, committed 95152K, reserved 1130496K
  class space    used 11831K, capacity 13964K, committed 14000K, reserved 1048576K
Event: 69919.394 GC heap after
Heap after GC invocations=7527 (full 4):
 PSYoungGen      total 4122112K, used 66186K [0x000000066ab00000, 0x000000076ce80000, 0x00000007c0000000)
  eden space 4019712K, 0% used [0x000000066ab00000,0x000000066ab00000,0x0000000760080000)
  from space 102400K, 64% used [0x0000000760080000,0x0000000764122838,0x0000000766480000)
  to   space 102912K, 0% used [0x0000000766a00000,0x0000000766a00000,0x000000076ce80000)
 ParOldGen       total 3840512K, used 981150K [0x00000003c0000000, 0x00000004aa680000, 0x000000066ab00000)
  object space 3840512K, 25% used [0x00000003c0000000,0x00000003fbe27af8,0x00000004aa680000)
 Metaspace       used 85143K, capacity 94978K, committed 95152K, reserved 1130496K
  class space    used 11831K, capacity 13964K, committed 14000K, reserved 1048576K
}
Event: 69949.746 GC heap before
{Heap before GC invocations=7528 (full 4):
 PSYoungGen      total 4122112K, used 4085898K [0x000000066ab00000, 0x000000076ce80000, 0x00000007c0000000)
  eden space 4019712K, 100% used [0x000000066ab00000,0x0000000760080000,0x0000000760080000)
  from space 102400K, 64% used [0x0000000760080000,0x0000000764122838,0x0000000766480000)
  to   space 102912K, 0% used [0x0000000766a00000,0x0000000766a00000,0x000000076ce80000)
 ParOldGen       total 3840512K, used 981150K [0x00000003c0000000, 0x00000004aa680000, 0x000000066ab00000)
  object space 3840512K, 25% used [0x00000003c0000000,0x00000003fbe27af8,0x00000004aa680000)
 Metaspace       used 85143K, capacity 94978K, committed 95152K, reserved 1130496K
  class space    used 11831K, capacity 13964K, committed 14000K, reserved 1048576K
Event: 69949.756 GC heap after
Heap after GC invocations=7528 (full 4):
 PSYoungGen      total 4127744K, used 67114K [0x000000066ab00000, 0x000000076cf00000, 0x00000007c0000000)
  eden space 4024832K, 0% used [0x000000066ab00000,0x000000066ab00000,0x0000000760580000)
  from space 102912K, 65% used [0x0000000766a00000,0x000000076ab8a838,0x000000076ce80000)
  to   space 102912K, 0% used [0x0000000760580000,0x0000000760580000,0x0000000766a00000)
 ParOldGen       total 3840512K, used 981222K [0x00000003c0000000, 0x00000004aa680000, 0x000000066ab00000)
  object space 3840512K, 25% used [0x00000003c0000000,0x00000003fbe39af8,0x00000004aa680000)
 Metaspace       used 85143K, capacity 94978K, committed 95152K, reserved 1130496K
  class space    used 11831K, capacity 13964K, committed 14000K, reserved 1048576K
}
Event: 69982.244 GC heap before
{Heap before GC invocations=7529 (full 4):
 PSYoungGen      total 4127744K, used 4091946K [0x000000066ab00000, 0x000000076cf00000, 0x00000007c0000000)
  eden space 4024832K, 100% used [0x000000066ab00000,0x0000000760580000,0x0000000760580000)
  from space 102912K, 65% used [0x0000000766a00000,0x000000076ab8a838,0x000000076ce80000)
  to   space 102912K, 0% used [0x0000000760580000,0x0000000760580000,0x0000000766a00000)
 ParOldGen       total 3840512K, used 981222K [0x00000003c0000000, 0x00000004aa680000, 0x000000066ab00000)
  object space 3840512K, 25% used [0x00000003c0000000,0x00000003fbe39af8,0x00000004aa680000)
 Metaspace       used 85143K, capacity 94978K, committed 95152K, reserved 1130496K
  class space    used 11831K, capacity 13964K, committed 14000K, reserved 1048576K

